执行日期：2014-10-27-20：32：02
【接收到的notify通知】:
<xml><appid><![CDATA[wx8919020d37783764]]></appid>
<bank_type><![CDATA[CFT]]></bank_type>
<fee_type><![CDATA[CNY]]></fee_type>
<is_subscribe><![CDATA[Y]]></is_subscribe>
<mch_id><![CDATA[10012857]]></mch_id>
<nonce_str><![CDATA[0a6k2hhe8am8p674dmfes1jw8ma4qi64]]></nonce_str>
<openid><![CDATA[ou9dHt0L8qFLI1foP-kj5x1mDWsM]]></openid>
<out_trade_no><![CDATA[wx8919020d377837641414413089]]></out_trade_no>
<result_code><![CDATA[SUCCESS]]></result_code>
<return_code><![CDATA[SUCCESS]]></return_code>
<sign><![CDATA[0980548A7D41635207642B3C5A1A1CC2]]></sign>
<sub_mch_id><![CDATA[10012857]]></sub_mch_id>
<time_end><![CDATA[20141027203157]]></time_end>
<total_fee>1</total_fee>
<trade_type><![CDATA[NATIVE]]></trade_type>
<transaction_id><![CDATA[1002750185201410270005522224]]></transaction_id>
</xml>


执行日期：2014-10-27-20：32：02
【支付成功】:
<xml><appid><![CDATA[wx8919020d37783764]]></appid>
<bank_type><![CDATA[CFT]]></bank_type>
<fee_type><![CDATA[CNY]]></fee_type>
<is_subscribe><![CDATA[Y]]></is_subscribe>
<mch_id><![CDATA[10012857]]></mch_id>
<nonce_str><![CDATA[0a6k2hhe8am8p674dmfes1jw8ma4qi64]]></nonce_str>
<openid><![CDATA[ou9dHt0L8qFLI1foP-kj5x1mDWsM]]></openid>
<out_trade_no><![CDATA[wx8919020d377837641414413089]]></out_trade_no>
<result_code><![CDATA[SUCCESS]]></result_code>
<return_code><![CDATA[SUCCESS]]></return_code>
<sign><![CDATA[0980548A7D41635207642B3C5A1A1CC2]]></sign>
<sub_mch_id><![CDATA[10012857]]></sub_mch_id>
<time_end><![CDATA[20141027203157]]></time_end>
<total_fee>1</total_fee>
<trade_type><![CDATA[NATIVE]]></trade_type>
<transaction_id><![CDATA[1002750185201410270005522224]]></transaction_id>
</xml>


